<?xml version="1.0" encoding="UTF-8"?>
<!-- Generated by org.testng.reporters.JUnitReportReporter -->
<testsuite hostname="Abi" failures="0" tests="1" name="com.qa.testcases.TC_07_TasksPage" time="19.314" errors="0" timestamp="07 Jun 2020 20:31:34 GMT" skipped="0">
  <testcase classname="com.qa.testcases.TC_07_TasksPage" name="task_Tab" time="19.314"/>
</testsuite> <!-- com.qa.testcases.TC_07_TasksPage -->
