<?xml version="1.0" encoding="UTF-8"?>
<!-- Generated by org.testng.reporters.JUnitReportReporter -->
<testsuite hostname="Abi" failures="0" tests="1" name="com.qa.testcases.TC_04_ContactpageDDT" time="18.059" errors="0" timestamp="07 Jun 2020 05:13:31 GMT" skipped="0">
  <testcase classname="com.qa.testcases.TC_04_ContactpageDDT" name="deleteContacts" time="18.059"/>
</testsuite> <!-- com.qa.testcases.TC_04_ContactpageDDT -->
