<?xml version="1.0" encoding="UTF-8"?>
<!-- Generated by org.testng.reporters.JUnitReportReporter -->
<testsuite hostname="Abi" failures="0" tests="5" name="com.qa.testcases.TC_04_ContactpageDDT" time="98.625" errors="0" timestamp="24 Jun 2020 00:21:18 GMT" skipped="0">
  <testcase classname="com.qa.testcases.TC_04_ContactpageDDT" name="AddNewContacts" time="20.898"/>
  <testcase classname="com.qa.testcases.TC_04_ContactpageDDT" name="AddNewContacts" time="23.216"/>
  <testcase classname="com.qa.testcases.TC_04_ContactpageDDT" name="AddNewContacts" time="19.092"/>
  <testcase classname="com.qa.testcases.TC_04_ContactpageDDT" name="editContacts" time="18.369"/>
  <testcase classname="com.qa.testcases.TC_04_ContactpageDDT" name="deleteContacts" time="17.050"/>
</testsuite> <!-- com.qa.testcases.TC_04_ContactpageDDT -->
