<?xml version="1.0" encoding="UTF-8"?>
<!-- Generated by org.testng.reporters.JUnitReportReporter -->
<testsuite hostname="Abi" failures="0" tests="2" name="com.qa.testcases.TC_08_DocumentsPage" time="33.100" errors="0" timestamp="24 Jun 2020 00:21:18 GMT" skipped="0">
  <testcase classname="com.qa.testcases.TC_08_DocumentsPage" name="documents_Tab" time="18.520"/>
  <testcase classname="com.qa.testcases.TC_08_DocumentsPage" name="NewFolder" time="14.580"/>
</testsuite> <!-- com.qa.testcases.TC_08_DocumentsPage -->
