<?xml version="1.0" encoding="UTF-8"?>
<!-- Generated by org.testng.reporters.JUnitReportReporter -->
<testsuite hostname="Abi" failures="0" tests="1" name="com.qa.testcases.TC_05_DealsPage" time="18.326" errors="0" timestamp="24 Jun 2020 00:21:18 GMT" skipped="0">
  <testcase classname="com.qa.testcases.TC_05_DealsPage" name="Dealspage" time="18.326"/>
</testsuite> <!-- com.qa.testcases.TC_05_DealsPage -->
