<?xml version="1.0" encoding="UTF-8"?>
<!-- Generated by org.testng.reporters.JUnitReportReporter -->
<testsuite hostname="Abi" failures="0" tests="5" name="com.qa.testcases.TC_10_FreeCRM" time="49.393" errors="0" timestamp="24 Jun 2020 00:21:18 GMT" skipped="0">
  <testcase classname="com.qa.testcases.TC_10_FreeCRM" name="checkpageTitle" time="9.065"/>
  <testcase classname="com.qa.testcases.TC_10_FreeCRM" name="VerifyTooltip" time="9.749"/>
  <testcase classname="com.qa.testcases.TC_10_FreeCRM" name="logoTest" time="11.925"/>
  <testcase classname="com.qa.testcases.TC_10_FreeCRM" name="verifyTextColor" time="9.851"/>
  <testcase classname="com.qa.testcases.TC_10_FreeCRM" name="verifyBackgroundColor" time="8.803"/>
</testsuite> <!-- com.qa.testcases.TC_10_FreeCRM -->
