<?xml version="1.0" encoding="UTF-8"?>
<!-- Generated by org.testng.reporters.JUnitReportReporter -->
<testsuite hostname="Abi" failures="0" tests="1" name="com.qa.testcases.TC_11_FreeCRM2" time="14.447" errors="0" timestamp="24 Jun 2020 01:52:19 GMT" skipped="0">
  <testcase classname="com.qa.testcases.TC_11_FreeCRM2" name="appsAvailable" time="14.447"/>
</testsuite> <!-- com.qa.testcases.TC_11_FreeCRM2 -->
