<?xml version="1.0" encoding="UTF-8"?>
<!-- Generated by org.testng.reporters.JUnitReportReporter -->
<testsuite hostname="Abi" failures="0" tests="1" name="com.qa.testcases.TC_06_CompaniesPage" time="24.168" errors="0" timestamp="07 Jun 2020 20:57:35 GMT" skipped="0">
  <testcase classname="com.qa.testcases.TC_06_CompaniesPage" name="companies_TabClick" time="24.168"/>
</testsuite> <!-- com.qa.testcases.TC_06_CompaniesPage -->
