<?xml version="1.0" encoding="UTF-8"?>
<!-- Generated by org.testng.reporters.JUnitReportReporter -->
<testsuite hostname="Abi" failures="0" tests="2" name="com.qa.testcases.TC_08_DocumentsPage" time="52.691" errors="0" timestamp="08 Jun 2020 19:20:14 GMT" skipped="0">
  <testcase classname="com.qa.testcases.TC_08_DocumentsPage" name="documents_Tab" time="32.815"/>
  <testcase classname="com.qa.testcases.TC_08_DocumentsPage" name="NewFolder" time="19.876"/>
</testsuite> <!-- com.qa.testcases.TC_08_DocumentsPage -->
