<?xml version="1.0" encoding="UTF-8"?>
<!-- Generated by org.testng.reporters.JUnitReportReporter -->
<testsuite hostname="Abi" failures="0" tests="1" name="com.qa.testcases.TC_05_DealsPage" time="27.976" errors="0" timestamp="08 Jun 2020 19:20:14 GMT" skipped="0">
  <testcase classname="com.qa.testcases.TC_05_DealsPage" name="Dealspage" time="27.976"/>
</testsuite> <!-- com.qa.testcases.TC_05_DealsPage -->
