<?xml version="1.0" encoding="UTF-8"?>
<!-- Generated by org.testng.reporters.JUnitReportReporter -->
<testsuite hostname="Abi" failures="0" tests="1" name="com.qa.testcases.TC_01_Loginpage" time="16.656" errors="0" timestamp="07 Jun 2020 20:57:35 GMT" skipped="0">
  <testcase classname="com.qa.testcases.TC_01_Loginpage" name="FreeCrmLogin" time="16.656"/>
</testsuite> <!-- com.qa.testcases.TC_01_Loginpage -->
