<?xml version="1.0" encoding="UTF-8"?>
<!-- Generated by org.testng.reporters.JUnitReportReporter -->
<testsuite hostname="Abi" failures="0" tests="5" name="com.qa.testcases.TC_04_ContactpageDDT" time="135.139" errors="0" timestamp="08 Jun 2020 19:20:14 GMT" skipped="0">
  <testcase classname="com.qa.testcases.TC_04_ContactpageDDT" name="AddNewContacts" time="29.271"/>
  <testcase classname="com.qa.testcases.TC_04_ContactpageDDT" name="AddNewContacts" time="28.889"/>
  <testcase classname="com.qa.testcases.TC_04_ContactpageDDT" name="AddNewContacts" time="30.310"/>
  <testcase classname="com.qa.testcases.TC_04_ContactpageDDT" name="editContacts" time="24.094"/>
  <testcase classname="com.qa.testcases.TC_04_ContactpageDDT" name="deleteContacts" time="22.575"/>
</testsuite> <!-- com.qa.testcases.TC_04_ContactpageDDT -->
