<?xml version="1.0" encoding="UTF-8"?>
<!-- Generated by org.testng.reporters.JUnitReportReporter -->
<testsuite hostname="Abi" failures="0" tests="5" name="com.qa.testcases.TC_04_ContactpageDDT" time="156.491" errors="0" timestamp="07 Jun 2020 20:57:35 GMT" skipped="0">
  <testcase classname="com.qa.testcases.TC_04_ContactpageDDT" name="AddNewContacts" time="47.296"/>
  <testcase classname="com.qa.testcases.TC_04_ContactpageDDT" name="AddNewContacts" time="21.928"/>
  <testcase classname="com.qa.testcases.TC_04_ContactpageDDT" name="AddNewContacts" time="23.151"/>
  <testcase classname="com.qa.testcases.TC_04_ContactpageDDT" name="editContacts" time="20.330"/>
  <testcase classname="com.qa.testcases.TC_04_ContactpageDDT" name="deleteContacts" time="43.786"/>
</testsuite> <!-- com.qa.testcases.TC_04_ContactpageDDT -->
