<?xml version="1.0" encoding="UTF-8"?>
<!-- Generated by org.testng.reporters.JUnitReportReporter -->
<testsuite hostname="Abi" failures="0" tests="1" name="com.qa.testcases.TC_06_CompaniesPage" time="31.360" errors="0" timestamp="08 Jun 2020 19:20:14 GMT" skipped="0">
  <testcase classname="com.qa.testcases.TC_06_CompaniesPage" name="companies_TabClick" time="31.360"/>
</testsuite> <!-- com.qa.testcases.TC_06_CompaniesPage -->
