<?xml version="1.0" encoding="UTF-8"?>
<!-- Generated by org.testng.reporters.JUnitReportReporter -->
<testsuite hostname="Abi" failures="0" tests="2" name="com.qa.testcases.TC_08_DocumentsPage" time="39.214" errors="0" timestamp="07 Jun 2020 20:57:35 GMT" skipped="0">
  <testcase classname="com.qa.testcases.TC_08_DocumentsPage" name="documents_Tab" time="22.197"/>
  <testcase classname="com.qa.testcases.TC_08_DocumentsPage" name="NewFolder" time="17.017"/>
</testsuite> <!-- com.qa.testcases.TC_08_DocumentsPage -->
